<?xml version="1.0" encoding="UTF-8"?>
<testng-results ignored="0" total="3" passed="3" failed="0" skipped="0">
  <reporter-output>
  </reporter-output>
  <suite started-at="2022-03-06T08:30:08 IST" name="Default suite" finished-at="2022-03-06T08:30:08 IST" duration-ms="109">
    <groups>
    </groups>
    <test started-at="2022-03-06T08:30:08 IST" name="Default test" finished-at="2022-03-06T08:30:08 IST" duration-ms="109">
      <class name="com.ejju.ExpTestNG.AppTest">
        <test-method signature="hello()[pri:0, instance:com.ejju.ExpTestNG.AppTest@1cbbffcd]" started-at="2022-03-06T08:30:08 IST" name="hello" finished-at="2022-03-06T08:30:08 IST" duration-ms="16" status="PASS">
          <reporter-output>
          </reporter-output>
        </test-method> <!-- hello -->
        <test-method signature="hi()[pri:0, instance:com.ejju.ExpTestNG.AppTest@1cbbffcd]" started-at="2022-03-06T08:30:08 IST" name="hi" finished-at="2022-03-06T08:30:08 IST" duration-ms="5" status="PASS">
          <reporter-output>
          </reporter-output>
        </test-method> <!-- hi -->
        <test-method signature="hello2()[pri:0, instance:com.ejju.ExpTestNG.AppTest@1cbbffcd]" started-at="2022-03-06T08:30:08 IST" name="hello2" finished-at="2022-03-06T08:30:08 IST" depends-on-methods="com.ejju.ExpTestNG.AppTest.hi" duration-ms="3" status="PASS">
          <reporter-output>
          </reporter-output>
        </test-method> <!-- hello2 -->
      </class> <!-- com.ejju.ExpTestNG.AppTest -->
    </test> <!-- Default test -->
  </suite> <!-- Default suite -->
</testng-results>
