<?xml version="1.0" encoding="UTF-8"?>
<!-- Generated by org.testng.reporters.JUnitXMLReporter -->
<testsuite ignored="0" hostname="akbar" failures="0" tests="3" name="Default test" time="0.109" errors="0" timestamp="2022-03-06T08:30:08 IST">
  <testcase classname="com.ejju.ExpTestNG.AppTest" name="hello" time="0.016"/>
  <testcase classname="com.ejju.ExpTestNG.AppTest" name="hi" time="0.005"/>
  <testcase classname="com.ejju.ExpTestNG.AppTest" name="hello2" time="0.003"/>
</testsuite> <!-- Default test -->
